<?xml version="1.0" encoding="UTF-8"?>
<!-- Generated by org.testng.reporters.JUnitReportReporter -->
<testsuite skipped="0" hostname="Chrome" name="Testing.Main" tests="4" failures="0" timestamp="02 Jan 2019 01:32:09 GMT" time="4.219" errors="0">
  <testcase name="verifyBreed" time="0.656" classname="Testing.Main"/>
  <testcase name="readImageUrl" time="0.591" classname="Testing.Main"/>
  <testcase name="readSubBreed" time="0.215" classname="Testing.Main"/>
  <testcase name="readBreedName" time="2.757" classname="Testing.Main"/>
</testsuite> <!-- Testing.Main -->
