<?xml version="1.0" encoding="UTF-8"?>
<!-- Generated by org.testng.reporters.JUnitReportReporter -->
<testsuite skipped="0" hostname="Chrome" name="Testing.RestAssuredLearning" tests="1" failures="0" timestamp="02 Jan 2019 01:15:19 GMT" time="2.731" errors="0">
  <testcase name="GetWeatherDetails" time="2.731" classname="Testing.RestAssuredLearning"/>
</testsuite> <!-- Testing.RestAssuredLearning -->
