<?xml version="1.0" encoding="UTF-8"?>
<!-- Generated by org.testng.reporters.JUnitReportReporter -->
<testsuite skipped="0" hostname="Chrome" name="Task_1.Main" tests="4" failures="0" timestamp="02 Jan 2019 02:47:03 GMT" time="4.187" errors="0">
  <testcase name="readBreedName" time="2.751" classname="Task_1.Main"/>
  <testcase name="readSubBreed" time="0.219" classname="Task_1.Main"/>
  <testcase name="readImageUrl" time="0.571" classname="Task_1.Main"/>
  <testcase name="verifyBreed" time="0.646" classname="Task_1.Main"/>
</testsuite> <!-- Task_1.Main -->
